<?xml version="1.0" encoding="UTF-8" ?>
<testsuite tests="12" failures="0" name="TestSuite" time="208.325" errors="0" skipped="0">
  <properties>
    <property name="java.runtime.name" value="Java(TM) SE Runtime Environment"/>
    <property name="java.vm.version" value="14.0.2+12-46"/>
    <property name="sun.boot.library.path" value="C:\Program Files\Java\jdk-14.0.2\bin"/>
    <property name="maven.multiModuleProjectDirectory" value="D:/FWD/UdacityECommerceApp"/>
    <property name="java.vm.vendor" value="Oracle Corporation"/>
    <property name="java.vendor.url" value="https://java.oracle.com/"/>
    <property name="guice.disable.misplaced.annotation.check" value="true"/>
    <property name="path.separator" value=";"/>
    <property name="java.vm.name" value="Java HotSpot(TM) 64-Bit Server VM"/>
    <property name="sun.os.patch.level" value=""/>
    <property name="user.script" value=""/>
    <property name="user.country" value="US"/>
    <property name="sun.java.launcher" value="SUN_STANDARD"/>
    <property name="java.vm.specification.name" value="Java Virtual Machine Specification"/>
    <property name="user.dir" value="D:\FWD\UdacityECommerceApp"/>
    <property name="java.vm.compressedOopsMode" value="32-bit"/>
    <property name="java.runtime.version" value="14.0.2+12-46"/>
    <property name="os.arch" value="amd64"/>
    <property name="java.io.tmpdir" value="C:\Users\amirm\AppData\Local\Temp\"/>
    <property name="line.separator" value="
"/>
    <property name="java.vm.specification.vendor" value="Oracle Corporation"/>
    <property name="user.variant" value=""/>
    <property name="os.name" value="Windows 10"/>
    <property name="classworlds.conf" value="C:/Program Files/JetBrains/IntelliJ IDEA Community Edition 2020.1.3/plugins/maven/lib/apache-maven-3.8.5/bin/m2.conf"/>
    <property name="sun.jnu.encoding" value="Cp1252"/>
    <property name="java.library.path" value="C:\Program Files\Java\jdk-14.0.2\bin;C:\Windows\Sun\Java\bin;C:\Windows\system32;C:\Windows;C:\Users\amirm\bin;C:\Program Files\Git\mingw64\bin;C:\Program Files\Git\usr\local\bin;C:\Program Files\Git\usr\bin;C:\Program Files\Git\usr\bin;C:\Program Files\Git\mingw64\bin;C:\Program Files\Git\usr\bin;C:\Users\amirm\bin;C:\Windows\system32;C:\Windows;C:\Windows\System32\Wbem;C:\Windows\System32\WindowsPowerShell\v1.0;C:\Windows\System32\OpenSSH;C:\Program Files\Git\cmd;C:\Program Files\nodejs;C:\Program Files\7-Zip;C:\Kubectl;C:\Users\amirm\AppData\Local\rasjani\WebDriverManager\bin;C:\Program Files\Docker\Docker\resources\bin;C:\ProgramData\DockerDesktop\version-bin;D:\VSRobot\venv\Scripts;C:\Program Files\JetBrains\IntelliJ IDEA Community Edition 2020.1.3\plugins\maven\lib\apache-maven-3.8.5\bin;C:\Users\amirm\scoop\shims\shims;C:\Users\amirm\AppData\Local\Programs\Python\Python39\Scripts;C:\Users\amirm\AppData\Local\Programs\Python\Python39;C:\Users\amirm\AppData\Local\Microsoft\WindowsApps;C:\Program Files\Java\jdk-14.0.2\bin;C:\Users\amirm\AppData\Local\Programs\Microsoft VS Code\bin;D:\Mobile Automation\sdk-tools-windows-4333796\platform-tools;C:\Users\amirm\AppData\Roaming\npm;C:\Kops;C:\Users\amirm\AppData\Local\Programs\Fiddler;C:\Users\amirm\AppData\Local\gitkraken\bin;C:\Program Files\Git\usr\bin\vendor_perl;C:\Program Files\Git\usr\bin\core_perl;."/>
    <property name="maven.conf" value="C:/Program Files/JetBrains/IntelliJ IDEA Community Edition 2020.1.3/plugins/maven/lib/apache-maven-3.8.5/conf"/>
    <property name="jdk.debug" value="release"/>
    <property name="java.class.version" value="58.0"/>
    <property name="java.specification.name" value="Java Platform API Specification"/>
    <property name="sun.management.compiler" value="HotSpot 64-Bit Tiered Compilers"/>
    <property name="os.version" value="10.0"/>
    <property name="library.jansi.path" value="C:/Program Files/JetBrains/IntelliJ IDEA Community Edition 2020.1.3/plugins/maven/lib/apache-maven-3.8.5/lib/jansi-native"/>
    <property name="user.home" value="C:\Users\amirm"/>
    <property name="user.timezone" value="Africa/Cairo"/>
    <property name="file.encoding" value="Cp1252"/>
    <property name="java.specification.version" value="14"/>
    <property name="user.name" value="amirm"/>
    <property name="java.class.path" value="C:/Program Files/JetBrains/IntelliJ IDEA Community Edition 2020.1.3/plugins/maven/lib/apache-maven-3.8.5/boot/plexus-classworlds-2.6.0.jar"/>
    <property name="java.vm.specification.version" value="14"/>
    <property name="sun.arch.data.model" value="64"/>
    <property name="sun.java.command" value="org.codehaus.plexus.classworlds.launcher.Launcher test"/>
    <property name="java.home" value="C:\Program Files\Java\jdk-14.0.2"/>
    <property name="user.language" value="en"/>
    <property name="java.specification.vendor" value="Oracle Corporation"/>
    <property name="java.vm.info" value="mixed mode, sharing"/>
    <property name="java.version" value="14.0.2"/>
    <property name="java.vendor" value="Oracle Corporation"/>
    <property name="maven.home" value="C:\Program Files\JetBrains\IntelliJ IDEA Community Edition 2020.1.3\plugins\maven\lib\apache-maven-3.8.5"/>
    <property name="file.separator" value="\"/>
    <property name="java.version.date" value="2020-07-14"/>
    <property name="java.vendor.url.bug" value="https://bugreport.java.com/bugreport/"/>
    <property name="sun.io.unicode.encoding" value="UnicodeLittle"/>
    <property name="sun.cpu.endian" value="little"/>
    <property name="sun.cpu.isalist" value="amd64"/>
  </properties>
  <testcase classname="Runner.TestRunner" name="runScenario" time="16.556"/>
  <testcase classname="Runner.TestRunner" name="runScenario" time="12.137"/>
  <testcase classname="Runner.TestRunner" name="runScenario" time="9.122"/>
  <testcase classname="Runner.TestRunner" name="runScenario" time="9.653"/>
  <testcase classname="Runner.TestRunner" name="runScenario" time="11.151"/>
  <testcase classname="Runner.TestRunner" name="runScenario" time="13.068"/>
  <testcase classname="Runner.TestRunner" name="runScenario" time="13.637"/>
  <testcase classname="Runner.TestRunner" name="runScenario" time="14.305"/>
  <testcase classname="Runner.TestRunner" name="runScenario" time="21.807"/>
  <testcase classname="Runner.TestRunner" name="runScenario" time="22.7"/>
  <testcase classname="Runner.TestRunner" name="runScenario" time="23.403"/>
  <testcase classname="Runner.TestRunner" name="runScenario" time="40.786"/>
</testsuite>