<?xml version="1.0" encoding="UTF-8"?>
<!-- Generated by org.testng.reporters.JUnitReportReporter -->
<testsuite hostname="DESKTOP-G2ILDEI" failures="0" tests="12" name="Runner.TestRunner" time="208.322" errors="0" timestamp="2022-05-08T21:30:16 EET" skipped="0">
  <testcase classname="Runner.TestRunner" name="runScenario" time="12.143"/>
  <system-out/>
  <testcase classname="Runner.TestRunner" name="runScenario" time="11.150"/>
  <system-out/>
  <testcase classname="Runner.TestRunner" name="runScenario" time="13.637"/>
  <system-out/>
  <testcase classname="Runner.TestRunner" name="runScenario" time="22.700"/>
  <system-out/>
  <testcase classname="Runner.TestRunner" name="runScenario" time="14.305"/>
  <system-out/>
  <testcase classname="Runner.TestRunner" name="runScenario" time="16.550"/>
  <system-out/>
  <testcase classname="Runner.TestRunner" name="runScenario" time="13.067"/>
  <system-out/>
  <testcase classname="Runner.TestRunner" name="runScenario" time="9.653"/>
  <system-out/>
  <testcase classname="Runner.TestRunner" name="runScenario" time="23.403"/>
  <system-out/>
  <testcase classname="Runner.TestRunner" name="runScenario" time="40.786"/>
  <system-out/>
  <testcase classname="Runner.TestRunner" name="runScenario" time="21.806"/>
  <system-out/>
  <testcase classname="Runner.TestRunner" name="runScenario" time="9.122"/>
  <system-out/>
</testsuite> <!-- Runner.TestRunner -->
